      The quads are printed below
--------------------------------------------------------
0 : function printi start
1 : function printi end
2 : function prints start
3 : function prints end
4 : function readi start
5 : function readi end
6 : function f start
7 : t0= *a
8 : x = t0
9 : t1 = 5
10 : x+t1
11 : x = t2
12 : return x
13 : function f end
14 : function main start
15 : t3 = 3
16 : q = t3
17 : t4= &q
18 : e = t4
19 : param .LC0
20 : call prints 1
21 : param .LC1
22 : call prints 1
23 : param q
24 : call printi 1
25 : param .LC2
26 : call prints 1
27 : param e
28 : call f 1
29 : a = f
30 : param .LC3
31 : call prints 1
32 : param a
33 : call printi 1
34 : param .LC4
35 : call prints 1
36 : param .LC5
37 : call prints 1
38 : param .LC6
39 : call prints 1
40 : param e
41 : call readi 1
42 : q = readi
43 : param .LC7
44 : call prints 1
45 : param q
46 : call printi 1
47 : param .LC8
48 : call prints 1
49 : t5 = 0
50 : return t5
51 : function main end

-------SYMBOL TABLE (ST.gbl)-----------
Name	Type	Size	Offset	InitVal
---------------------------------------
printi	function	1		4	0	NULL
prints	function	1		4	4	NULL
readi	function	1		4	8	NULL
f	function	1		0	12	NULL
main	function	0		0	12	NULL
----------------------------------------------------
----------------SYMBOL TABLE of printi----------------
Name	Type	Size	Offset	InitVal
---------------------------------------
num	int		4	0	NULL
retVal	int		4	4	NULL
--------------------------------------------
----------------SYMBOL TABLE of prints----------------
Name	Type	Size	Offset	InitVal
---------------------------------------
c	char		1	0	NULL
retVal	int		4	1	NULL
--------------------------------------------
----------------SYMBOL TABLE of readi----------------
Name	Type	Size	Offset	InitVal
---------------------------------------
eP	int		4	0	NULL
retVal	int		4	4	NULL
--------------------------------------------
----------------SYMBOL TABLE of f----------------
Name	Type	Size	Offset	InitVal
---------------------------------------
a	int		4	0	NULL
x	int		4	4	NULL
t0	int		4	8	NULL
t1	int		4	12	5
t2	int		4	16	NULL
retVal	int		4	20	NULL
--------------------------------------------
----------------SYMBOL TABLE of main----------------
Name	Type	Size	Offset	InitVal
---------------------------------------
a	int		4	0	NULL
q	int		4	4	NULL
e	*		8	8	NULL
t3	int		4	16	3
t4	int		8	20	NULL
prints	int		4	28	NULL
.LC0	int		4	32	NULL
.LC1	int		4	36	NULL
printi	int		4	40	NULL
.LC2	int		4	44	NULL
f	int		4	48	NULL
.LC3	int		4	52	NULL
.LC4	int		4	56	NULL
.LC5	int		4	60	NULL
.LC6	int		4	64	NULL
readi	int		4	68	NULL
.LC7	int		4	72	NULL
.LC8	int		4	76	NULL
t5	int		4	80	0
retVal	int		4	84	NULL
--------------------------------------------
----------------Compilation Result------------------
*****************************************************
